<?xml version="1.0" encoding="UTF-8"?>
<!-- Generated by org.testng.reporters.JUnitReportReporter -->
<testsuite hostname="LAPTOP-EGKA569A" failures="0" tests="1" name="com.qa.Testscripts.TestClassApproval" time="56.770" errors="0" timestamp="2023-03-01T23:19:03 IST" skipped="0">
  <testcase classname="com.qa.Testscripts.TestClassApproval" name="Loginasadmin" time="56.770"/>
  <system-out/>
</testsuite> <!-- com.qa.Testscripts.TestClassApproval -->
