<?xml version="1.0" encoding="UTF-8"?>
<!-- Generated by org.testng.reporters.JUnitReportReporter -->
<testsuite hostname="LAPTOP-EGKA569A" failures="0" tests="3" name="com.qa.Testscripts.TestClassLogout" time="58.257" errors="0" timestamp="2023-02-28T15:05:26 IST" skipped="0">
  <testcase classname="com.qa.Testscripts.TestClassLogout" name="Logoutasadmin" time="20.290"/>
  <system-out/>
  <testcase classname="com.qa.Testscripts.TestClassLogout" name="LogoutasUser" time="19.100"/>
  <system-out/>
  <testcase classname="com.qa.Testscripts.TestClassLogout" name="LogoutasTrainer" time="18.867"/>
  <system-out/>
</testsuite> <!-- com.qa.Testscripts.TestClassLogout -->
