<?xml version="1.0" encoding="UTF-8"?>
<!-- Generated by org.testng.reporters.JUnitReportReporter -->
<testsuite hostname="LAPTOP-EGKA569A" failures="0" tests="8" name="com.qa.Testscripts.NewPostTestClass" time="434.962" errors="0" timestamp="2023-03-01T23:13:49 IST" skipped="0">
  <testcase classname="com.qa.Testscripts.NewPostTestClass" name="adminNewPostVerification" time="72.228"/>
  <system-out/>
  <testcase classname="com.qa.Testscripts.NewPostTestClass" name="userNewPostVerification" time="62.623"/>
  <system-out/>
  <testcase classname="com.qa.Testscripts.NewPostTestClass" name="trainerNewPostVerification" time="59.390"/>
  <system-out/>
  <testcase classname="com.qa.Testscripts.NewPostTestClass" name="adminNewPostLinkVerification" time="53.261"/>
  <system-out/>
  <testcase classname="com.qa.Testscripts.NewPostTestClass" name="userNewPostLinkVerification" time="50.159"/>
  <system-out/>
  <testcase classname="com.qa.Testscripts.NewPostTestClass" name="trainerNewPostLinkVerification" time="49.527"/>
  <system-out/>
  <testcase classname="com.qa.Testscripts.NewPostTestClass" name="copyRightFormatVerification" time="30.950"/>
  <system-out/>
  <testcase classname="com.qa.Testscripts.NewPostTestClass" name="urlFormatVerification" time="56.824"/>
  <system-out/>
</testsuite> <!-- com.qa.Testscripts.NewPostTestClass -->
