<?xml version="1.0" encoding="UTF-8"?>
<!-- Generated by org.testng.reporters.JUnitReportReporter -->
<testsuite hostname="LAPTOP-EGKA569A" failures="0" tests="4" name="com.qa.Testscripts.SortCategoryTestClass" time="109.957" errors="0" timestamp="2023-03-01T23:16:14 IST" skipped="0">
  <testcase classname="com.qa.Testscripts.SortCategoryTestClass" name="sortCategoryByAnyUserVerification" time="15.736"/>
  <system-out/>
  <testcase classname="com.qa.Testscripts.SortCategoryTestClass" name="sortCategoryByAdminVerification" time="32.040"/>
  <system-out/>
  <testcase classname="com.qa.Testscripts.SortCategoryTestClass" name="sortCategoryByUserVerification" time="31.098"/>
  <system-out/>
  <testcase classname="com.qa.Testscripts.SortCategoryTestClass" name="sortCategoryByTrainerVerification" time="31.083"/>
  <system-out/>
</testsuite> <!-- com.qa.Testscripts.SortCategoryTestClass -->
