<?xml version="1.0" encoding="UTF-8"?>
<!-- Generated by org.testng.reporters.JUnitReportReporter -->
<testsuite hostname="LAPTOP-EGKA569A" failures="0" tests="3" name="com.qa.Testscripts.TestClassLogout" time="56.710" errors="0" timestamp="2023-03-01T23:20:53 IST" skipped="0">
  <testcase classname="com.qa.Testscripts.TestClassLogout" name="Logoutasadmin" time="19.495"/>
  <system-out/>
  <testcase classname="com.qa.Testscripts.TestClassLogout" name="LogoutasUser" time="18.630"/>
  <system-out/>
  <testcase classname="com.qa.Testscripts.TestClassLogout" name="LogoutasTrainer" time="18.585"/>
  <system-out/>
</testsuite> <!-- com.qa.Testscripts.TestClassLogout -->
