<?xml version="1.0" encoding="UTF-8"?>
<!-- Generated by org.testng.reporters.JUnitReportReporter -->
<testsuite hostname="LAPTOP-EGKA569A" failures="0" tests="1" name="com.qa.Testscripts.NewPostTestClass" time="57.362" errors="0" timestamp="2023-02-27T21:43:42 IST" skipped="0">
  <testcase classname="com.qa.Testscripts.NewPostTestClass" name="urlFormatVerification" time="57.362"/>
  <system-out/>
</testsuite> <!-- com.qa.Testscripts.NewPostTestClass -->
