<?xml version="1.0" encoding="UTF-8"?>
<!-- Generated by org.testng.reporters.JUnitReportReporter -->
<testsuite hostname="LAPTOP-EGKA569A" failures="0" tests="3" name="com.qa.Testscripts.TestClassLogin" time="158.635" errors="0" timestamp="2023-03-01T22:19:09 IST" skipped="0">
  <testcase classname="com.qa.Testscripts.TestClassLogin" name="Loginasadmin" time="53.583"/>
  <system-out/>
  <testcase classname="com.qa.Testscripts.TestClassLogin" name="LoginasUser" time="52.518"/>
  <system-out/>
  <testcase classname="com.qa.Testscripts.TestClassLogin" name="LoginasTrainer" time="52.534"/>
  <system-out/>
</testsuite> <!-- com.qa.Testscripts.TestClassLogin -->
