<?xml version="1.0" encoding="UTF-8"?>
<!-- Generated by org.testng.reporters.JUnitReportReporter -->
<testsuite hostname="LAPTOP-EGKA569A" failures="0" tests="1" name="com.qa.Testscripts.TestClassAddorRemove" time="47.238" errors="0" timestamp="2023-03-01T23:17:37 IST" skipped="0">
  <testcase classname="com.qa.Testscripts.TestClassAddorRemove" name="Loginasadmin" time="47.238"/>
  <system-out/>
</testsuite> <!-- com.qa.Testscripts.TestClassAddorRemove -->
