<?xml version="1.0" encoding="UTF-8"?>
<!-- Generated by org.testng.reporters.JUnitReportReporter -->
<testsuite hostname="DESKTOP-O3TMR6M" failures="0" tests="1" name="com.qa.Testscripts.NewPostTestClass" time="32.407" errors="0" timestamp="2023-03-01T22:14:17 IST" skipped="0">
  <testcase classname="com.qa.Testscripts.NewPostTestClass" name="copyRightFormatVerification" time="32.407"/>
  <system-out/>
</testsuite> <!-- com.qa.Testscripts.NewPostTestClass -->
