<?xml version="1.0" encoding="UTF-8"?>
<!-- Generated by org.testng.reporters.JUnitReportReporter -->
<testsuite hostname="LAPTOP-EGKA569A" failures="0" tests="2" name="com.qa.Testscripts.TestClassSignup" time="193.603" errors="0" timestamp="2023-03-01T22:15:57 IST" skipped="0">
  <testcase classname="com.qa.Testscripts.TestClassSignup" name="singup_userVerification" time="97.132"/>
  <system-out/>
  <testcase classname="com.qa.Testscripts.TestClassSignup" name="signup_trainerVerification" time="96.471"/>
  <system-out/>
</testsuite> <!-- com.qa.Testscripts.TestClassSignup -->
