<?xml version="1.0" encoding="UTF-8"?>
<!-- Generated by org.testng.reporters.JUnitReportReporter -->
<testsuite hostname="LAPTOP-EGKA569A" failures="0" tests="1" name="com.qa.Testscripts.TestClassApproval" time="58.762" errors="0" timestamp="2023-02-28T15:03:34 IST" skipped="0">
  <testcase classname="com.qa.Testscripts.TestClassApproval" name="Loginasadmin" time="58.762"/>
  <system-out/>
</testsuite> <!-- com.qa.Testscripts.TestClassApproval -->
