<?xml version="1.0" encoding="UTF-8"?>
<!-- Generated by org.testng.reporters.JUnitReportReporter -->
<testsuite hostname="LAPTOP-EGKA569A" failures="0" tests="4" name="com.qa.Testscripts.SortCategoryTestClass" time="110.664" errors="0" timestamp="2023-02-28T13:24:59 IST" skipped="0">
  <testcase classname="com.qa.Testscripts.SortCategoryTestClass" name="sortCategoryByAnyUserVerification" time="12.782"/>
  <system-out/>
  <testcase classname="com.qa.Testscripts.SortCategoryTestClass" name="sortCategoryByAdminVerification" time="33.248"/>
  <system-out/>
  <testcase classname="com.qa.Testscripts.SortCategoryTestClass" name="sortCategoryByUserVerification" time="32.386"/>
  <system-out/>
  <testcase classname="com.qa.Testscripts.SortCategoryTestClass" name="sortCategoryByTrainerVerification" time="32.248"/>
  <system-out/>
</testsuite> <!-- com.qa.Testscripts.SortCategoryTestClass -->
