<?xml version="1.0" encoding="UTF-8"?>
<!-- Generated by org.testng.reporters.JUnitReportReporter -->
<testsuite hostname="LAPTOP-EGKA569A" failures="0" tests="1" name="com.qa.Testscripts.TestClassLogin" time="53.199" errors="0" timestamp="2023-02-27T22:34:23 IST" skipped="0">
  <testcase classname="com.qa.Testscripts.TestClassLogin" name="Loginasadmin" time="53.199"/>
  <system-out/>
</testsuite> <!-- com.qa.Testscripts.TestClassLogin -->
